2024-06-05_00-24-56: ranita14 ha combinado Colossus y Mockery
2024-06-05_00-24-56: ranita14 ha descubierto el elemento Goliath
2024-06-05_00-33-13: ranita14 ha combinado Colossus y Mockery
2024-06-05_01-21-59: Challenger ha combinado Abyss y Apocalypse
2024-06-05_01-22-03: Challenger ha combinado Aqualand y Aquaria
2024-06-05_01-42-07: Hskull55 ha combinado Air y Aquarium
2024-06-05_01-43-38: Hskull55 ha combinado Clouds y Bubble
2024-06-05_01-43-49: Hskull55 ha combinado Fire y Water
STREAM b'IHDR' 16 13
STREAM b'sRGB' 41 1
STREAM b'gAMA' 54 4
STREAM b'pHYs' 70 9
STREAM b'IDAT' 91 31397
STREAM b'IHDR' 16 13
STREAM b'sRGB' 41 1
STREAM b'gAMA' 54 4
STREAM b'pHYs' 70 9
STREAM b'IDAT' 91 12496
STREAM b'IHDR' 16 13
STREAM b'sRGB' 41 1
STREAM b'gAMA' 54 4
STREAM b'pHYs' 70 9
STREAM b'IDAT' 91 12496
